2025-02-01 09:00:01 INFO System started
2025-02-01 09:02:10 INFO User login admin
2025-02-01 09:05:32 WARNING CPU usage high
2025-02-01 09:07:18 ERROR Disk space low
2025-02-01 09:08:45 ERROR Failed login attempt
2025-02-01 09:09:10 ERROR Unauthorized access detected
2026-02-07 00:01:10 ERROR Failed login attempt
2026-02-07 00:01:14 INFO User login successful
2026-02-07 00:01:15 ERROR Disk space low
2026-02-07 00:01:16 WARNING CPU usage high
2026-02-07 00:01:17 ERROR Failed login attempt
2026-02-07 00:01:18 INFO System running normally
2026-02-07 00:01:19 ERROR Failed login attempt
2026-02-07 00:01:20 ERROR Disk space low
2026-02-07 00:01:22 ERROR Failed login attempt
2026-02-07 00:01:24 ERROR Failed login attempt
2026-02-07 00:01:27 ERROR Failed login attempt
2026-02-07 00:01:30 WARNING Memory usage increased
2026-02-07 00:01:32 INFO System running normally
2026-02-07 00:01:35 INFO User login successful
2026-02-07 00:01:36 WARNING Memory usage increased
2026-02-07 00:01:38 ERROR Disk space low
2026-02-07 00:01:39 WARNING CPU usage high
2026-02-07 00:01:40 ERROR Failed login attempt
2026-02-07 00:01:43 INFO System running normally
2026-02-07 00:04:56 ERROR Unauthorized access detected
2026-02-07 00:04:56 WARNING CPU usage high
2026-02-07 00:04:56 INFO User login successful
2026-02-07 00:05:31 WARNING Memory usage increased
2026-02-07 00:05:31 ERROR Unauthorized access detected
2026-02-07 00:05:31 ERROR Failed login attempt
2026-02-07 00:05:31 WARNING CPU usage high
2026-02-07 00:05:31 ERROR Failed login attempt
2026-02-07 00:05:35 WARNING CPU usage high
2026-02-07 00:05:35 INFO Service started
2026-02-07 00:05:35 WARNING Memory usage increased
2026-02-07 00:05:35 INFO System running normally
2026-02-07 00:05:35 ERROR Failed login attempt
2026-02-07 00:05:39 WARNING Memory usage increased
2026-02-07 00:05:39 WARNING Memory usage increased
2026-02-07 00:05:39 ERROR Failed login attempt
2026-02-07 00:05:39 ERROR Disk space low
2026-02-07 00:05:39 WARNING Memory usage increased
2026-02-07 00:05:40 WARNING Memory usage increased
2026-02-07 00:05:40 INFO User login successful
2026-02-07 00:05:40 ERROR Failed login attempt
2026-02-07 00:05:44 ERROR Unauthorized access detected
2026-02-07 00:05:44 ERROR Disk space low
2026-02-07 00:05:48 ERROR Failed login attempt
2026-02-07 00:05:48 WARNING Memory usage increased
2026-02-07 00:05:48 ERROR Unauthorized access detected
2026-02-07 00:05:52 ERROR Disk space low
2026-02-07 00:05:52 INFO User login successful
2026-02-07 00:05:52 WARNING CPU usage high
2026-02-07 00:05:56 ERROR Disk space low
2026-02-07 00:05:56 WARNING CPU usage high
2026-02-07 00:05:56 ERROR Failed login attempt
2026-02-07 00:05:56 WARNING Memory usage increased
2026-02-07 00:06:00 INFO User login successful
2026-02-07 00:06:00 ERROR Failed login attempt
2026-02-07 00:06:00 INFO Service started
2026-02-07 00:06:00 WARNING CPU usage high
2026-02-07 00:06:00 ERROR Disk space low
2026-02-07 00:06:01 INFO User login successful
2026-02-07 00:06:01 INFO User login successful
2026-02-07 00:06:01 WARNING CPU usage high
2026-02-07 00:06:01 ERROR Failed login attempt
2026-02-07 00:06:01 WARNING CPU usage high
2026-02-07 00:06:01 ERROR Disk space low
2026-02-07 00:06:05 WARNING CPU usage high
2026-02-07 00:06:05 ERROR Unauthorized access detected
2026-02-07 00:06:09 WARNING CPU usage high
2026-02-07 00:06:09 INFO System running normally
2026-02-07 00:06:09 INFO Service started
2026-02-07 00:06:09 WARNING CPU usage high
2026-02-07 00:06:09 INFO User login successful
2026-02-07 00:06:13 WARNING Memory usage increased
2026-02-07 00:06:13 WARNING CPU usage high
2026-02-07 00:06:17 ERROR Disk space low
2026-02-07 00:06:17 WARNING Memory usage increased
2026-02-07 00:06:17 ERROR Failed login attempt
2026-02-07 00:06:17 ERROR Unauthorized access detected
2026-02-07 00:06:17 INFO User login successful
2026-02-07 00:06:23 INFO Service started
2026-02-07 00:06:23 INFO User login successful
2026-02-07 00:06:23 INFO User login successful
2026-02-07 00:06:25 WARNING CPU usage high
2026-02-07 00:06:25 INFO Service started
2026-02-07 00:06:25 WARNING CPU usage high
2026-02-07 00:06:25 WARNING Memory usage increased
2026-02-07 00:06:25 WARNING CPU usage high
2026-02-07 00:06:27 INFO User login successful
2026-02-07 00:06:27 ERROR Unauthorized access detected
2026-02-07 00:06:27 WARNING Memory usage increased
2026-02-07 00:06:27 INFO User login successful
2026-02-07 00:06:27 INFO Service started
2026-02-07 00:06:28 ERROR Unauthorized access detected
2026-02-07 00:06:28 WARNING Memory usage increased
2026-02-07 00:06:29 INFO User login successful
2026-02-07 00:06:29 WARNING Memory usage increased
2026-02-07 00:06:29 INFO System running normally
2026-02-07 00:06:29 ERROR Unauthorized access detected
2026-02-07 00:06:33 INFO Service started
2026-02-07 00:06:33 INFO System running normally
2026-02-07 00:06:33 INFO System running normally
2026-02-07 00:06:33 INFO User login successful
2026-02-07 00:06:37 WARNING Memory usage increased
2026-02-07 00:06:37 INFO User login successful
2026-02-07 00:06:37 INFO System running normally
2026-02-07 00:06:37 INFO Service started
2026-02-07 00:06:41 ERROR Failed login attempt
2026-02-07 00:06:41 WARNING Memory usage increased
2026-02-07 00:06:41 INFO System running normally
2026-02-07 00:06:41 INFO System running normally
2026-02-07 00:06:41 INFO User login successful
2026-02-07 00:06:45 INFO User login successful
2026-02-07 00:06:45 WARNING Memory usage increased
2026-02-07 00:06:45 WARNING CPU usage high
2026-02-07 00:06:45 INFO System running normally
2026-02-07 00:06:49 ERROR Unauthorized access detected
2026-02-07 00:06:49 INFO Service started
2026-02-07 00:06:53 WARNING CPU usage high
2026-02-07 00:06:53 INFO Service started
2026-02-07 00:06:53 ERROR Unauthorized access detected
2026-02-07 00:06:57 WARNING CPU usage high
2026-02-07 00:06:57 WARNING CPU usage high
2026-02-07 00:06:57 WARNING Memory usage increased
2026-02-07 00:06:57 WARNING Memory usage increased
2026-02-07 00:06:57 ERROR Disk space low
2026-02-07 00:07:01 WARNING Memory usage increased
2026-02-07 00:07:01 ERROR Failed login attempt
2026-02-07 00:07:01 WARNING CPU usage high
2026-02-07 00:07:01 WARNING Memory usage increased
2026-02-07 00:07:01 ERROR Unauthorized access detected
2026-02-07 00:07:05 INFO User login successful
2026-02-07 00:07:05 ERROR Disk space low
2026-02-07 00:07:05 INFO System running normally
2026-02-07 00:07:05 ERROR Disk space low
2026-02-07 00:07:05 ERROR Unauthorized access detected
2026-02-07 00:07:09 WARNING CPU usage high
2026-02-07 00:07:09 INFO System running normally
2026-02-07 00:07:09 ERROR Unauthorized access detected
2026-02-07 00:07:09 WARNING CPU usage high
2026-02-07 00:07:13 WARNING Memory usage increased
2026-02-07 00:07:13 INFO System running normally
2026-02-07 00:07:17 ERROR Failed login attempt
2026-02-07 00:07:17 INFO Service started
2026-02-07 00:07:17 WARNING Memory usage increased
2026-02-07 00:07:17 WARNING CPU usage high
2026-02-07 00:07:17 ERROR Disk space low
2026-02-07 00:07:21 INFO System running normally
2026-02-07 00:07:21 INFO Service started
2026-02-07 00:07:21 INFO System running normally
2026-02-07 00:07:21 INFO User login successful
2026-02-07 00:07:25 INFO Service started
2026-02-07 00:07:25 ERROR Unauthorized access detected
2026-02-07 00:07:29 WARNING Memory usage increased
2026-02-07 00:07:29 WARNING CPU usage high
2026-02-07 00:07:33 WARNING Memory usage increased
2026-02-07 00:07:33 WARNING CPU usage high
2026-02-07 00:07:33 ERROR Failed login attempt
2026-02-07 00:07:33 WARNING CPU usage high
2026-02-07 00:07:37 INFO User login successful
2026-02-07 00:07:37 INFO User login successful
2026-02-07 00:07:37 WARNING Memory usage increased
2026-02-07 00:07:41 WARNING Memory usage increased
2026-02-07 00:07:41 INFO System running normally
2026-02-07 00:07:41 WARNING Memory usage increased
2026-02-07 00:07:41 ERROR Unauthorized access detected
2026-02-07 00:07:41 ERROR Disk space low
2026-02-07 00:07:45 ERROR Unauthorized access detected
2026-02-07 00:07:45 ERROR Disk space low
2026-02-07 00:07:45 ERROR Failed login attempt
2026-02-07 00:07:45 INFO System running normally
2026-02-07 00:07:45 INFO System running normally
2026-02-07 00:07:49 WARNING CPU usage high
2026-02-07 00:07:49 WARNING Memory usage increased
2026-02-07 00:07:53 WARNING Memory usage increased
2026-02-07 00:07:53 WARNING Memory usage increased
2026-02-07 00:07:53 ERROR Unauthorized access detected
2026-02-07 00:07:53 WARNING Memory usage increased
2026-02-07 00:07:53 INFO System running normally
2026-02-07 00:07:57 INFO Service started
2026-02-07 00:07:57 WARNING CPU usage high
2026-02-07 00:08:01 INFO Service started
2026-02-07 00:08:01 WARNING Memory usage increased
2026-02-07 00:08:01 ERROR Failed login attempt
2026-02-07 00:08:01 ERROR Unauthorized access detected
2026-02-07 00:08:05 ERROR Disk space low
2026-02-07 00:08:05 WARNING Memory usage increased
2026-02-07 00:08:05 ERROR Unauthorized access detected
2026-02-07 00:08:05 ERROR Failed login attempt
2026-02-07 00:08:09 WARNING CPU usage high
2026-02-07 00:08:09 ERROR Failed login attempt
2026-02-07 00:08:09 INFO Service started
2026-02-07 00:08:09 ERROR Disk space low
2026-02-07 00:08:13 WARNING Memory usage increased
2026-02-07 00:08:13 ERROR Unauthorized access detected
2026-02-07 00:08:13 ERROR Failed login attempt
2026-02-07 00:08:13 WARNING Memory usage increased
2026-02-07 00:08:17 INFO System running normally
2026-02-07 00:08:17 ERROR Failed login attempt
2026-02-07 00:08:17 INFO System running normally
2026-02-07 00:08:17 WARNING CPU usage high
2026-02-07 00:08:21 INFO Service started
2026-02-07 00:08:21 ERROR Unauthorized access detected
2026-02-07 00:08:21 WARNING Memory usage increased
2026-02-07 00:08:21 INFO System running normally
2026-02-07 00:08:21 INFO Service started
2026-02-07 00:08:29 ERROR Failed login attempt
2026-02-07 00:08:29 ERROR Failed login attempt
2026-02-07 00:08:29 INFO User login successful
2026-02-07 00:08:33 WARNING Memory usage increased
2026-02-07 00:08:33 WARNING Memory usage increased
2026-02-07 00:08:33 WARNING Memory usage increased
2026-02-07 00:08:33 ERROR Failed login attempt
2026-02-07 00:08:33 WARNING CPU usage high
2026-02-07 00:08:33 WARNING Memory usage increased
2026-02-07 00:08:33 WARNING Memory usage increased
2026-02-07 00:08:33 ERROR Unauthorized access detected
2026-02-07 00:08:33 INFO User login successful
2026-02-07 00:08:33 WARNING Memory usage increased
2026-02-07 00:08:35 INFO System running normally
2026-02-07 00:08:35 INFO User login successful
2026-02-07 00:08:37 ERROR Disk space low
2026-02-07 00:08:37 ERROR Failed login attempt
2026-02-07 00:08:37 INFO Service started
2026-02-07 00:08:37 INFO User login successful
2026-02-07 00:08:39 WARNING CPU usage high
2026-02-07 00:08:39 INFO User login successful
2026-02-07 00:08:39 ERROR Unauthorized access detected
2026-02-07 00:08:39 ERROR Unauthorized access detected
2026-02-07 00:08:39 INFO System running normally
2026-02-07 00:08:40 ERROR Disk space low
2026-02-07 00:08:40 INFO User login successful
2026-02-07 00:08:40 WARNING Memory usage increased
2026-02-07 00:08:40 ERROR Disk space low
2026-02-07 00:08:44 INFO Service started
2026-02-07 00:08:44 ERROR Disk space low
2026-02-07 00:08:44 INFO Service started
2026-02-07 00:08:44 ERROR Unauthorized access detected
2026-02-07 00:08:44 ERROR Unauthorized access detected
2026-02-07 00:08:48 INFO System running normally
2026-02-07 00:08:48 INFO System running normally
2026-02-07 00:08:48 INFO User login successful
2026-02-07 00:08:48 ERROR Unauthorized access detected
2026-02-07 00:08:48 WARNING CPU usage high
2026-02-07 00:08:48 WARNING Memory usage increased
2026-02-07 00:08:52 INFO User login successful
2026-02-07 00:08:52 WARNING Memory usage increased
2026-02-07 00:08:52 WARNING CPU usage high
2026-02-07 00:08:56 WARNING CPU usage high
2026-02-07 00:08:56 INFO System running normally
2026-02-07 00:08:56 INFO Service started
2026-02-07 00:08:57 WARNING Memory usage increased
2026-02-07 00:08:57 ERROR Failed login attempt
2026-02-07 00:08:57 WARNING Memory usage increased
2026-02-07 00:08:57 ERROR Disk space low
2026-02-07 00:08:57 INFO User login successful
2026-02-07 00:09:01 INFO User login successful
2026-02-07 00:09:01 INFO User login successful
2026-02-07 00:09:01 INFO User login successful
2026-02-07 00:09:05 WARNING Memory usage increased
2026-02-07 00:09:05 ERROR Unauthorized access detected
2026-02-07 00:09:09 WARNING Memory usage increased
2026-02-07 00:09:09 ERROR Unauthorized access detected
2026-02-07 00:09:09 ERROR Disk space low
2026-02-07 00:09:09 WARNING Memory usage increased
2026-02-07 00:09:13 ERROR Failed login attempt
2026-02-07 00:09:13 ERROR Disk space low
2026-02-07 00:09:13 WARNING CPU usage high
2026-02-07 00:09:13 WARNING Memory usage increased
2026-02-07 00:09:17 INFO User login successful
2026-02-07 00:09:17 ERROR Disk space low
2026-02-07 00:09:17 INFO User login successful
2026-02-07 00:09:17 INFO System running normally
2026-02-07 00:09:17 ERROR Failed login attempt
2026-02-07 00:09:21 WARNING CPU usage high
2026-02-07 00:09:21 ERROR Unauthorized access detected
2026-02-07 00:09:21 INFO System running normally
2026-02-07 00:09:21 WARNING CPU usage high
2026-02-07 00:09:21 WARNING CPU usage high
2026-02-07 00:09:25 WARNING Memory usage increased
2026-02-07 00:09:25 INFO System running normally
2026-02-07 00:09:25 ERROR Failed login attempt
2026-02-07 00:09:29 WARNING Memory usage increased
2026-02-07 00:09:29 INFO System running normally
2026-02-07 00:09:33 ERROR Unauthorized access detected
2026-02-07 00:09:33 WARNING CPU usage high
2026-02-07 00:09:33 ERROR Unauthorized access detected
2026-02-07 00:09:33 WARNING Memory usage increased
2026-02-07 00:09:33 ERROR Disk space low
2026-02-07 00:09:37 ERROR Failed login attempt
2026-02-07 00:09:37 ERROR Disk space low
2026-02-07 00:09:37 INFO System running normally
2026-02-07 00:09:37 ERROR Disk space low
2026-02-07 00:09:37 INFO User login successful
2026-02-07 00:09:41 ERROR Disk space low
2026-02-07 00:09:41 INFO System running normally
2026-02-07 00:09:45 INFO User login successful
2026-02-07 00:09:45 WARNING CPU usage high
2026-02-07 00:09:45 ERROR Disk space low
2026-02-07 00:09:45 WARNING Memory usage increased
2026-02-07 00:09:49 WARNING CPU usage high
2026-02-07 00:09:49 ERROR Failed login attempt
2026-02-07 00:09:53 INFO User login successful
2026-02-07 00:09:53 ERROR Failed login attempt
2026-02-07 00:09:57 INFO Service started
2026-02-07 00:09:57 WARNING CPU usage high
2026-02-07 00:09:57 INFO Service started
2026-02-07 00:09:57 INFO Service started
2026-02-07 00:10:01 INFO System running normally
2026-02-07 00:10:01 INFO User login successful
2026-02-07 00:10:01 ERROR Disk space low
2026-02-07 00:10:05 ERROR Unauthorized access detected
2026-02-07 00:10:05 WARNING CPU usage high
2026-02-07 00:10:05 INFO User login successful
2026-02-07 00:10:05 ERROR Failed login attempt
2026-02-07 00:10:09 WARNING CPU usage high
2026-02-07 00:10:09 WARNING CPU usage high
2026-02-07 00:10:09 ERROR Unauthorized access detected
2026-02-07 00:10:09 INFO Service started
2026-02-07 00:10:13 ERROR Failed login attempt
2026-02-07 00:10:13 INFO System running normally
2026-02-07 00:10:13 INFO System running normally
2026-02-07 00:10:13 ERROR Failed login attempt
2026-02-07 00:10:13 INFO System running normally
2026-02-07 00:10:17 INFO User login successful
2026-02-07 00:10:17 WARNING CPU usage high
2026-02-07 00:10:21 INFO System running normally
2026-02-07 00:10:21 WARNING CPU usage high
2026-02-07 00:10:25 WARNING Memory usage increased
2026-02-07 00:10:25 INFO System running normally
2026-02-07 00:10:25 WARNING Memory usage increased
2026-02-07 00:10:25 ERROR Disk space low
2026-02-07 00:10:25 ERROR Disk space low
2026-02-07 00:10:29 WARNING Memory usage increased
2026-02-07 00:10:29 INFO Service started
2026-02-07 00:10:33 WARNING Memory usage increased
2026-02-07 00:10:33 ERROR Failed login attempt
2026-02-07 00:10:33 INFO Service started
2026-02-07 00:10:33 ERROR Disk space low
2026-02-07 00:10:37 INFO User login successful
2026-02-07 00:10:37 WARNING CPU usage high
2026-02-07 00:10:37 INFO User login successful
2026-02-07 00:10:41 WARNING CPU usage high
2026-02-07 00:10:41 WARNING CPU usage high
2026-02-07 00:10:41 INFO User login successful
2026-02-07 00:10:41 WARNING Memory usage increased
2026-02-07 00:10:41 WARNING Memory usage increased
2026-02-07 00:10:45 WARNING CPU usage high
2026-02-07 00:10:45 INFO System running normally
2026-02-07 00:11:51 ERROR Disk space low
2026-02-07 00:11:51 WARNING CPU usage high
2026-02-07 00:11:51 INFO System running normally
2026-02-07 00:11:53 INFO User login successful
2026-02-07 00:11:53 ERROR Unauthorized access detected
2026-02-07 00:11:53 INFO Service started
2026-02-07 00:11:53 ERROR Unauthorized access detected
2026-02-07 00:11:53 INFO User login successful
2026-02-07 00:11:57 WARNING Memory usage increased
2026-02-07 00:11:57 ERROR Unauthorized access detected
2026-02-07 00:12:01 WARNING Memory usage increased
2026-02-07 00:12:01 WARNING Memory usage increased
2026-02-07 00:12:05 WARNING Memory usage increased
2026-02-07 00:12:05 ERROR Failed login attempt
2026-02-07 00:12:09 WARNING Memory usage increased
2026-02-07 00:12:09 INFO Service started
2026-02-07 00:12:09 ERROR Unauthorized access detected
2026-02-07 00:12:09 INFO Service started
2026-02-07 00:12:13 ERROR Unauthorized access detected
2026-02-07 00:12:13 WARNING CPU usage high
2026-02-07 00:12:13 WARNING CPU usage high
2026-02-07 00:12:13 ERROR Unauthorized access detected
2026-02-07 00:12:17 ERROR Disk space low
2026-02-07 00:12:17 INFO System running normally
2026-02-07 00:12:17 ERROR Disk space low
2026-02-07 00:12:17 INFO System running normally
2026-02-07 00:12:21 ERROR Disk space low
2026-02-07 00:12:21 INFO Service started
2026-02-07 00:12:21 ERROR Failed login attempt
2026-02-07 00:12:21 ERROR Failed login attempt
2026-02-07 00:12:21 INFO Service started
2026-02-07 00:12:25 ERROR Disk space low
2026-02-07 00:12:25 INFO Service started
2026-02-07 00:12:25 WARNING Memory usage increased
2026-02-07 00:12:25 ERROR Disk space low
2026-02-07 00:12:25 ERROR Disk space low
2026-02-07 00:12:29 WARNING CPU usage high
2026-02-07 00:12:29 ERROR Unauthorized access detected
2026-02-07 00:12:29 WARNING CPU usage high
2026-02-07 00:12:33 WARNING Memory usage increased
2026-02-07 00:12:33 ERROR Disk space low
2026-02-07 00:12:37 ERROR Failed login attempt
2026-02-07 00:12:37 ERROR Disk space low
2026-02-07 00:12:37 WARNING CPU usage high
2026-02-07 00:12:37 WARNING Memory usage increased
2026-02-07 00:12:37 ERROR Disk space low
2026-02-07 00:12:41 ERROR Disk space low
2026-02-07 00:12:41 INFO System running normally
2026-02-07 00:12:45 ERROR Unauthorized access detected
2026-02-07 00:12:45 ERROR Failed login attempt
2026-02-07 00:12:49 INFO System running normally
2026-02-07 00:12:49 WARNING Memory usage increased
2026-02-07 00:12:49 ERROR Disk space low
2026-02-07 00:12:49 INFO User login successful
2026-02-07 00:12:49 ERROR Failed login attempt
2026-02-07 00:12:53 WARNING Memory usage increased
2026-02-07 00:12:53 ERROR Failed login attempt
2026-02-07 00:12:53 ERROR Disk space low
2026-02-07 00:12:57 ERROR Disk space low
2026-02-07 00:12:57 INFO Service started
2026-02-07 00:12:57 WARNING CPU usage high
2026-02-07 00:12:57 WARNING Memory usage increased
2026-02-07 00:13:01 INFO System running normally
2026-02-07 00:13:01 INFO System running normally
2026-02-07 00:13:01 WARNING Memory usage increased
2026-02-07 00:13:05 INFO System running normally
2026-02-07 00:13:05 ERROR Disk space low
2026-02-07 00:13:05 WARNING CPU usage high
2026-02-07 00:13:05 WARNING CPU usage high
2026-02-07 00:13:09 INFO System running normally
2026-02-07 00:13:09 INFO System running normally
2026-02-07 00:13:09 WARNING Memory usage increased
2026-02-07 00:13:09 WARNING Memory usage increased
2026-02-07 00:13:13 INFO User login successful
2026-02-07 00:13:13 WARNING CPU usage high
2026-02-07 00:13:13 INFO User login successful
2026-02-07 00:13:44 ERROR Unauthorized access detected
2026-02-07 00:13:44 ERROR Failed login attempt
2026-02-07 00:13:44 ERROR Unauthorized access detected
2026-02-07 00:13:44 INFO User login successful
2026-02-07 00:13:44 INFO Service started
2026-02-07 00:14:44 ERROR Unauthorized access detected
2026-02-07 00:14:44 WARNING CPU usage high
2026-02-07 00:14:44 ERROR Failed login attempt
2026-02-07 00:15:44 ERROR Disk space low
2026-02-07 00:15:44 WARNING Memory usage increased
2026-02-07 00:19:17 INFO System running normally
2026-02-07 00:19:17 ERROR Failed login attempt
2026-02-07 00:19:17 WARNING CPU usage high
2026-02-07 00:19:17 ERROR Failed login attempt
2026-02-07 00:19:17 INFO User login successful
2026-02-07 00:19:21 ERROR Unauthorized access detected
2026-02-07 00:19:21 WARNING Memory usage increased
2026-02-07 00:19:21 WARNING CPU usage high
2026-02-07 00:19:25 INFO System running normally
2026-02-07 00:19:25 WARNING CPU usage high
2026-02-07 00:19:29 ERROR Unauthorized access detected
2026-02-07 00:19:29 INFO Service started
2026-02-07 00:19:29 WARNING CPU usage high
2026-02-07 00:19:33 ERROR Failed login attempt
2026-02-07 00:19:33 INFO System running normally
2026-02-07 00:19:33 ERROR Disk space low
2026-02-07 00:19:33 WARNING Memory usage increased
2026-02-07 00:19:37 INFO System running normally
2026-02-07 00:19:37 WARNING Memory usage increased
2026-02-07 00:19:37 INFO User login successful
2026-02-07 00:19:41 ERROR Failed login attempt
2026-02-07 00:19:41 ERROR Failed login attempt
2026-02-07 00:19:41 ERROR Failed login attempt
2026-02-07 00:19:41 ERROR Failed login attempt
2026-02-07 00:19:41 ERROR Disk space low
2026-02-07 00:19:45 WARNING Memory usage increased
2026-02-07 00:19:45 WARNING Memory usage increased
2026-02-07 00:19:45 WARNING CPU usage high
2026-02-07 00:19:49 INFO Service started
2026-02-07 00:19:49 ERROR Failed login attempt
2026-02-07 00:19:49 WARNING Memory usage increased
2026-02-07 00:19:49 INFO System running normally
2026-02-07 00:19:49 INFO System running normally
2026-02-07 00:19:53 ERROR Failed login attempt
2026-02-07 00:19:53 WARNING CPU usage high
2026-02-07 00:19:53 ERROR Unauthorized access detected
2026-02-07 00:19:53 WARNING Memory usage increased
2026-02-07 00:19:57 ERROR Unauthorized access detected
2026-02-07 00:19:57 WARNING Memory usage increased
2026-02-07 00:19:57 ERROR Failed login attempt
2026-02-07 00:19:57 INFO User login successful
2026-02-07 00:20:01 INFO User login successful
2026-02-07 00:20:01 ERROR Unauthorized access detected
2026-02-07 00:20:01 WARNING Memory usage increased
2026-02-07 00:20:01 INFO System running normally
2026-02-07 00:20:05 INFO User login successful
2026-02-07 00:20:05 WARNING CPU usage high
2026-02-07 00:20:05 INFO System running normally
2026-02-07 00:20:05 INFO Service started
2026-02-07 00:20:09 ERROR Unauthorized access detected
2026-02-07 00:20:09 WARNING CPU usage high
2026-02-07 00:20:13 WARNING CPU usage high
2026-02-07 00:20:13 INFO User login successful
2026-02-07 00:20:17 ERROR Failed login attempt
2026-02-07 00:20:17 ERROR Disk space low
2026-02-07 00:20:21 WARNING CPU usage high
2026-02-07 00:20:21 ERROR Unauthorized access detected
2026-02-07 00:20:25 ERROR Disk space low
2026-02-07 00:20:25 INFO User login successful
2026-02-07 00:20:29 INFO Service started
2026-02-07 00:20:29 WARNING CPU usage high
2026-02-07 00:20:33 WARNING CPU usage high
2026-02-07 00:20:33 ERROR Failed login attempt
2026-02-07 00:20:33 WARNING Memory usage increased
2026-02-07 00:20:33 WARNING Memory usage increased
2026-02-07 00:20:37 ERROR Failed login attempt
2026-02-07 00:20:37 INFO System running normally
2026-02-07 00:20:37 WARNING Memory usage increased
2026-02-07 00:20:37 ERROR Disk space low
2026-02-07 00:20:41 INFO System running normally
2026-02-07 00:20:41 INFO Service started
2026-02-07 00:20:45 INFO User login successful
2026-02-07 00:20:45 WARNING CPU usage high
2026-02-07 00:20:49 WARNING Memory usage increased
2026-02-07 00:20:49 ERROR Failed login attempt
2026-02-07 00:20:49 WARNING Memory usage increased
2026-02-07 00:20:53 INFO System running normally
2026-02-07 00:20:53 INFO User login successful
2026-02-07 00:20:53 ERROR Disk space low
2026-02-07 00:20:53 WARNING CPU usage high
2026-02-07 00:20:53 ERROR Unauthorized access detected
2026-02-07 00:20:57 WARNING Memory usage increased
2026-02-07 00:20:57 WARNING CPU usage high
2026-02-07 00:20:57 WARNING CPU usage high
2026-02-07 00:20:57 INFO System running normally
2026-02-07 00:21:01 INFO User login successful
2026-02-07 00:21:01 WARNING Memory usage increased
2026-02-07 00:21:01 ERROR Failed login attempt
2026-02-07 00:21:01 INFO Service started
2026-02-07 00:21:01 ERROR Disk space low
2026-02-07 00:21:05 INFO Service started
2026-02-07 00:21:05 ERROR Disk space low
2026-02-07 00:21:05 WARNING CPU usage high
2026-02-07 00:21:09 WARNING CPU usage high
2026-02-07 00:21:09 WARNING CPU usage high
2026-02-07 00:21:09 WARNING CPU usage high
2026-02-07 00:21:09 WARNING Memory usage increased
2026-02-07 00:21:09 ERROR Unauthorized access detected
2026-02-07 00:21:13 WARNING CPU usage high
2026-02-07 00:21:13 INFO Service started
2026-02-07 00:21:13 ERROR Failed login attempt
2026-02-07 00:21:13 INFO User login successful
2026-02-07 00:21:17 INFO System running normally
2026-02-07 00:21:17 ERROR Unauthorized access detected
2026-02-07 00:21:17 INFO System running normally
2026-02-07 00:21:17 INFO User login successful
2026-02-07 00:21:17 WARNING Memory usage increased
2026-02-07 00:21:21 ERROR Failed login attempt
2026-02-07 00:21:21 WARNING CPU usage high
2026-02-07 00:21:21 ERROR Unauthorized access detected
2026-02-07 00:21:21 INFO User login successful
2026-02-07 00:21:25 ERROR Unauthorized access detected
2026-02-07 00:21:25 ERROR Unauthorized access detected
2026-02-07 00:21:25 WARNING CPU usage high
2026-02-07 00:21:25 ERROR Failed login attempt
2026-02-07 00:21:29 ERROR Unauthorized access detected
2026-02-07 00:21:29 INFO Service started
2026-02-07 00:21:29 ERROR Failed login attempt
2026-02-07 00:21:29 WARNING Memory usage increased
2026-02-07 00:21:29 INFO Service started
2026-02-07 00:21:33 INFO User login successful
2026-02-07 00:21:33 INFO System running normally
2026-02-07 00:21:37 ERROR Failed login attempt
2026-02-07 00:21:37 ERROR Failed login attempt
2026-02-07 00:21:41 WARNING CPU usage high
2026-02-07 00:21:41 ERROR Failed login attempt
2026-02-07 00:21:41 ERROR Disk space low
2026-02-07 00:21:41 WARNING CPU usage high
2026-02-07 00:21:41 INFO System running normally
2026-02-07 00:21:45 INFO User login successful
2026-02-07 00:21:45 INFO System running normally
2026-02-07 00:21:45 INFO System running normally
2026-02-07 00:21:45 WARNING Memory usage increased
2026-02-07 00:21:49 WARNING Memory usage increased
2026-02-07 00:21:49 WARNING CPU usage high
2026-02-07 00:21:53 WARNING CPU usage high
2026-02-07 00:21:53 INFO Service started
2026-02-07 00:21:53 ERROR Failed login attempt
2026-02-07 00:21:53 INFO User login successful
2026-02-07 00:21:57 WARNING Memory usage increased
2026-02-07 00:21:57 ERROR Disk space low
2026-02-07 00:21:57 WARNING Memory usage increased
2026-02-07 00:21:57 INFO User login successful
2026-02-07 00:22:01 WARNING Memory usage increased
2026-02-07 00:22:01 INFO System running normally
2026-02-07 00:22:01 INFO User login successful
2026-02-07 00:22:01 WARNING CPU usage high
2026-02-07 00:22:05 INFO User login successful
2026-02-07 00:22:05 WARNING Memory usage increased
2026-02-07 00:22:05 INFO Service started
2026-02-07 00:22:05 ERROR Unauthorized access detected
2026-02-07 00:22:05 INFO Service started
2026-02-07 00:22:09 INFO Service started
2026-02-07 00:22:09 ERROR Failed login attempt
2026-02-07 00:22:13 WARNING CPU usage high
2026-02-07 00:22:13 INFO User login successful
2026-02-07 00:22:13 WARNING CPU usage high
2026-02-07 00:22:13 INFO Service started
2026-02-07 00:22:17 INFO Service started
2026-02-07 00:22:17 ERROR Unauthorized access detected
2026-02-07 00:22:17 WARNING CPU usage high
2026-02-07 00:22:21 ERROR Unauthorized access detected
2026-02-07 00:22:21 WARNING Memory usage increased
2026-02-07 00:22:21 ERROR Unauthorized access detected
2026-02-07 00:22:21 WARNING CPU usage high
2026-02-07 00:22:21 ERROR Failed login attempt
2026-02-07 00:22:25 WARNING CPU usage high
2026-02-07 00:22:25 WARNING CPU usage high
2026-02-07 00:22:25 ERROR Disk space low
2026-02-07 00:22:25 INFO User login successful
2026-02-07 00:22:29 INFO System running normally
2026-02-07 00:22:29 INFO System running normally
2026-02-07 00:22:29 INFO User login successful
2026-02-07 00:22:29 INFO System running normally
2026-02-07 00:22:44 INFO Service started
2026-02-07 00:22:44 INFO User login successful
2026-02-07 00:23:44 INFO System running normally
2026-02-07 00:23:44 ERROR Failed login attempt
2026-02-07 00:23:44 INFO Service started
2026-02-07 00:23:44 WARNING Memory usage increased
2026-02-07 00:24:44 ERROR Disk space low
2026-02-07 00:24:44 INFO System running normally
2026-02-07 00:25:44 ERROR Failed login attempt
2026-02-07 00:25:44 WARNING Memory usage increased
2026-02-07 00:25:44 ERROR Failed login attempt
2026-02-07 00:25:44 WARNING Memory usage increased
2026-02-07 00:25:44 INFO System running normally
2026-02-07 00:26:44 INFO Service started
2026-02-07 00:26:44 INFO Service started
2026-02-07 00:26:44 WARNING CPU usage high
2026-02-07 00:26:44 INFO Service started
2026-02-07 00:27:44 WARNING CPU usage high
2026-02-07 00:27:44 WARNING CPU usage high
2026-02-07 00:27:44 ERROR Unauthorized access detected
2026-02-07 00:28:44 WARNING CPU usage high
2026-02-07 00:28:44 INFO User login successful
2026-02-07 00:28:44 ERROR Failed login attempt
2026-02-07 00:28:44 ERROR Unauthorized access detected
2026-02-07 00:28:49 ERROR Failed login attempt
2026-02-07 00:28:49 INFO Service started
2026-02-07 00:28:49 ERROR Disk space low
2026-02-07 00:28:49 WARNING Memory usage increased
2026-02-07 00:28:49 WARNING Memory usage increased
2026-02-07 00:28:49 ERROR Unauthorized access detected
2026-02-07 00:28:49 INFO User login successful
2026-02-07 00:29:01 INFO Service started
2026-02-07 00:29:01 ERROR Disk space low
2026-02-07 00:29:01 INFO System running normally
2026-02-07 00:29:05 WARNING Memory usage increased
2026-02-07 00:29:05 ERROR Failed login attempt
2026-02-07 00:29:05 INFO Service started
2026-02-07 00:29:09 ERROR Unauthorized access detected
2026-02-07 00:29:09 ERROR Unauthorized access detected
2026-02-07 00:29:09 INFO User login successful
2026-02-07 00:29:09 INFO Service started
2026-02-07 00:29:09 ERROR Failed login attempt
2026-02-07 00:29:13 INFO User login successful
2026-02-07 00:29:13 ERROR Disk space low
2026-02-07 00:29:17 ERROR Failed login attempt
2026-02-07 00:29:17 WARNING CPU usage high
2026-02-07 00:29:17 INFO System running normally
2026-02-07 00:29:17 ERROR Failed login attempt
2026-02-07 00:29:21 WARNING CPU usage high
2026-02-07 00:29:21 ERROR Failed login attempt
2026-02-07 00:29:21 WARNING CPU usage high
2026-02-07 00:29:26 WARNING Memory usage increased
2026-02-07 00:29:26 ERROR Failed login attempt
2026-02-07 00:29:26 ERROR Unauthorized access detected
2026-02-07 00:29:26 INFO User login successful
2026-02-07 00:29:26 ERROR Unauthorized access detected
2026-02-07 00:29:30 ERROR Failed login attempt
2026-02-07 00:29:30 WARNING Memory usage increased
2026-02-07 00:29:34 WARNING Memory usage increased
2026-02-07 00:29:34 ERROR Failed login attempt
2026-02-07 00:29:34 ERROR Disk space low
2026-02-07 00:29:34 INFO Service started
2026-02-07 00:29:38 INFO Service started
2026-02-07 00:29:38 ERROR Unauthorized access detected
2026-02-07 00:29:42 ERROR Failed login attempt
2026-02-07 00:29:42 INFO System running normally
2026-02-07 00:29:42 ERROR Disk space low
2026-02-07 00:29:42 INFO Service started
2026-02-07 00:29:42 ERROR Disk space low
2026-02-07 00:29:46 INFO Service started
2026-02-07 00:29:46 WARNING CPU usage high
2026-02-07 00:29:46 WARNING Memory usage increased
2026-02-07 00:29:46 ERROR Failed login attempt
2026-02-07 00:29:50 WARNING CPU usage high
2026-02-07 00:29:50 WARNING CPU usage high
2026-02-07 00:29:54 WARNING CPU usage high
2026-02-07 00:29:54 WARNING CPU usage high
2026-02-07 00:29:54 WARNING Memory usage increased
2026-02-07 00:29:54 ERROR Unauthorized access detected
2026-02-07 00:29:58 INFO User login successful
2026-02-07 00:29:58 INFO User login successful
2026-02-07 00:30:02 WARNING Memory usage increased
2026-02-07 00:30:02 INFO User login successful
2026-02-07 00:30:02 INFO Service started
2026-02-07 00:30:02 WARNING CPU usage high
2026-02-07 00:30:06 WARNING Memory usage increased
2026-02-07 00:30:06 ERROR Unauthorized access detected
2026-02-07 00:30:06 INFO Service started
2026-02-07 00:30:10 WARNING CPU usage high
2026-02-07 00:30:10 ERROR Unauthorized access detected
2026-02-07 00:30:14 INFO User login successful
2026-02-07 00:30:14 INFO Service started
2026-02-07 00:30:14 ERROR Failed login attempt
2026-02-07 00:30:14 ERROR Unauthorized access detected
2026-02-07 00:30:18 ERROR Disk space low
2026-02-07 00:30:18 WARNING CPU usage high
2026-02-07 00:30:18 WARNING Memory usage increased
2026-02-07 00:30:18 INFO User login successful
2026-02-07 00:30:44 WARNING CPU usage high
2026-02-07 00:30:44 WARNING CPU usage high
2026-02-07 00:30:44 WARNING Memory usage increased
2026-02-07 00:30:44 WARNING CPU usage high
2026-02-07 00:31:44 ERROR Disk space low
2026-02-07 00:31:44 WARNING Memory usage increased
2026-02-07 00:31:44 ERROR Disk space low
2026-02-07 00:32:38 ERROR Disk space low
2026-02-07 00:32:38 ERROR Unauthorized access detected
2026-02-07 00:32:42 WARNING CPU usage high
2026-02-07 00:32:42 WARNING CPU usage high
2026-02-07 00:32:42 ERROR Disk space low
2026-02-07 00:32:46 INFO Service started
2026-02-07 00:32:46 WARNING CPU usage high
2026-02-07 00:32:50 WARNING CPU usage high
2026-02-07 00:32:50 WARNING Memory usage increased
2026-02-07 00:32:50 WARNING CPU usage high
2026-02-07 00:32:54 WARNING Memory usage increased
2026-02-07 00:32:54 INFO User login successful
2026-02-07 00:32:54 ERROR Disk space low
2026-02-07 00:32:58 WARNING Memory usage increased
2026-02-07 00:32:58 WARNING Memory usage increased
2026-02-07 00:32:58 WARNING CPU usage high
2026-02-07 00:33:02 INFO User login successful
2026-02-07 00:33:02 INFO System running normally
2026-02-07 00:33:02 WARNING CPU usage high
2026-02-07 00:33:02 WARNING Memory usage increased
2026-02-07 00:33:02 INFO Service started
2026-02-07 00:33:06 ERROR Disk space low
2026-02-07 00:33:06 INFO Service started
2026-02-07 00:33:06 WARNING CPU usage high
2026-02-07 00:33:10 ERROR Disk space low
2026-02-07 00:33:10 ERROR Disk space low
2026-02-07 00:33:10 ERROR Unauthorized access detected
2026-02-07 00:33:10 ERROR Failed login attempt
2026-02-07 00:33:10 ERROR Unauthorized access detected
2026-02-07 00:33:14 INFO System running normally
2026-02-07 00:33:14 ERROR Unauthorized access detected
2026-02-07 00:33:14 ERROR Failed login attempt
2026-02-07 00:33:14 WARNING Memory usage increased
2026-02-07 00:33:18 INFO System running normally
2026-02-07 00:33:18 WARNING Memory usage increased
2026-02-07 00:33:22 WARNING CPU usage high
2026-02-07 00:33:22 WARNING Memory usage increased
2026-02-07 00:33:22 INFO System running normally
2026-02-07 00:33:22 INFO System running normally
2026-02-07 00:33:26 INFO System running normally
2026-02-07 00:33:26 WARNING Memory usage increased
2026-02-07 00:33:30 INFO System running normally
2026-02-07 00:33:30 ERROR Failed login attempt
2026-02-07 00:33:34 INFO Service started
2026-02-07 00:33:34 WARNING CPU usage high
2026-02-07 00:33:34 ERROR Failed login attempt
2026-02-07 00:33:38 INFO Service started
2026-02-07 00:33:38 ERROR Disk space low
2026-02-07 00:33:38 WARNING CPU usage high
2026-02-07 00:33:38 WARNING CPU usage high
2026-02-07 00:33:44 WARNING CPU usage high
2026-02-07 00:33:44 ERROR Failed login attempt
2026-02-07 00:34:44 ERROR Failed login attempt
2026-02-07 00:34:44 ERROR Disk space low
2026-02-07 00:34:44 WARNING Memory usage increased
2026-02-07 00:35:44 WARNING CPU usage high
2026-02-07 00:35:44 WARNING Memory usage increased
2026-02-07 00:35:44 INFO System running normally
2026-02-07 00:36:44 INFO System running normally
2026-02-07 00:36:44 WARNING CPU usage high
2026-02-07 00:36:44 WARNING Memory usage increased
2026-02-07 00:36:44 INFO Service started
2026-02-07 00:37:44 WARNING Memory usage increased
2026-02-07 00:37:44 INFO System running normally
2026-02-07 00:37:44 INFO System running normally
2026-02-07 00:37:44 WARNING CPU usage high
2026-02-07 00:37:44 WARNING CPU usage high
2026-02-07 00:38:44 WARNING CPU usage high
2026-02-07 00:38:44 ERROR Disk space low
2026-02-07 00:38:44 INFO System running normally
2026-02-07 00:38:44 ERROR Failed login attempt
2026-02-07 00:38:44 INFO System running normally
2026-02-07 00:39:44 WARNING CPU usage high
2026-02-07 00:39:44 WARNING CPU usage high
2026-02-07 00:39:44 INFO Service started
2026-02-07 00:40:44 ERROR Unauthorized access detected
2026-02-07 00:40:44 WARNING Memory usage increased
2026-02-07 00:41:44 WARNING Memory usage increased
2026-02-07 00:41:44 ERROR Failed login attempt
2026-02-07 00:41:44 ERROR Disk space low
2026-02-07 00:41:44 WARNING CPU usage high
2026-02-07 00:41:44 INFO User login successful
2026-02-07 00:42:44 INFO User login successful
2026-02-07 00:42:44 WARNING Memory usage increased
2026-02-07 00:43:44 ERROR Disk space low
2026-02-07 00:43:44 INFO Service started
2026-02-07 00:43:44 ERROR Failed login attempt
2026-02-07 00:44:44 WARNING CPU usage high
2026-02-07 00:44:44 INFO System running normally
2026-02-07 00:44:44 WARNING CPU usage high
2026-02-07 00:45:44 INFO User login successful
2026-02-07 00:45:44 INFO User login successful
2026-02-07 00:45:44 ERROR Failed login attempt
2026-02-07 00:46:44 WARNING Memory usage increased
2026-02-07 00:46:44 ERROR Unauthorized access detected
2026-02-07 00:46:44 INFO Service started
2026-02-07 00:46:44 ERROR Disk space low
2026-02-07 00:47:44 WARNING CPU usage high
2026-02-07 00:47:44 ERROR Failed login attempt
2026-02-07 00:47:44 INFO Service started
2026-02-07 00:47:44 WARNING Memory usage increased
2026-02-07 00:47:44 WARNING Memory usage increased
2026-02-07 00:48:44 ERROR Unauthorized access detected
2026-02-07 00:48:44 WARNING Memory usage increased
2026-02-07 00:48:44 ERROR Failed login attempt
2026-02-07 00:48:44 WARNING CPU usage high
2026-02-07 00:48:44 WARNING Memory usage increased
